<?xml version="1.0" encoding="UTF-8"?>
<!-- Generated by org.testng.reporters.JUnitXMLReporter -->
<testsuite ignored="1" hostname="DESKTOP-4R56CLN" failures="0" tests="1" name="Error Validations Test" time="8.96" errors="0" timestamp="2025-05-04T10:58:48 GET">
  <testcase classname="autoProject.ErrorValidationsTest" name="LoginErrorValidation" time="1.011"/>
  <testcase classname="autoProject.ErrorValidationsTest" name="ProductErrorValidation" time="0.0">
    <ignored/>
  </testcase> <!-- ProductErrorValidation -->
</testsuite> <!-- Error Validations Test -->
